Arguments: 
  C:\Program Files\nodejs\node.exe C:\Users\mehra\AppData\Roaming\npm\node_modules\yarn\bin\yarn.js add gltf-transform

PATH: 
  C:\Users\mehra\bin;C:\Program Files\Git\mingw64\bin;C:\Program Files\Git\usr\local\bin;C:\Program Files\Git\usr\bin;C:\Program Files\Git\usr\bin;C:\Program Files\Git\mingw64\bin;C:\Program Files\Git\usr\bin;C:\Users\mehra\bin;C:\Program Files\Python310\Scripts;C:\Program Files\Python310;C:\WINDOWS\system32;C:\WINDOWS;C:\WINDOWS\System32\Wbem;C:\WINDOWS\System32\WindowsPowerShell\v1.0;C:\WINDOWS\System32\OpenSSH;C:\Users\mehra\AppData\Roaming\nvm;C:\Program Files\nodejs;C:\Program Files\nodejs;C:\Program Files\MongoDB\Server\6.0\bin;C:\Program Files\dotnet;C:\Program Files\Git\cmd;C:\Users\mehra\.cargo\bin;C:\Users\mehra\AppData\Local\Microsoft\WindowsApps;C:\Users\mehra\AppData\Local\Programs\Microsoft VS Code\bin;C:\Users\mehra\AppData\Roaming\nvm;C:\Program Files\nodejs;C:\Users\mehra\AppData\Roaming\npm;C:\Users\mehra\AppData\Local\Programs\mongosh;C:\Program Files\Git\usr\bin\vendor_perl;C:\Program Files\Git\usr\bin\core_perl

Yarn version: 
  1.22.18

Node version: 
  16.15.1

Platform: 
  win32 x64

Trace: 
  Error: https://registry.yarnpkg.com/gltf-transform: Not found
      at Request.params.callback [as _callback] (C:\Users\mehra\AppData\Roaming\npm\node_modules\yarn\lib\cli.js:66138:18)
      at Request.self.callback (C:\Users\mehra\AppData\Roaming\npm\node_modules\yarn\lib\cli.js:140883:22)
      at Request.emit (node:events:527:28)
      at Request.<anonymous> (C:\Users\mehra\AppData\Roaming\npm\node_modules\yarn\lib\cli.js:141855:10)
      at Request.emit (node:events:527:28)
      at IncomingMessage.<anonymous> (C:\Users\mehra\AppData\Roaming\npm\node_modules\yarn\lib\cli.js:141777:12)
      at Object.onceWrapper (node:events:641:28)
      at IncomingMessage.emit (node:events:539:35)
      at endReadableNT (node:internal/streams/readable:1345:12)
      at processTicksAndRejections (node:internal/process/task_queues:83:21)

npm manifest: 
  {
    "name": "converter",
    "version": "1.0.0",
    "description": "",
    "main": "index.js",
    "scripts": {
      "start": "nodemon index.js"
    },
    "keywords": [],
    "author": "",
    "license": "ISC",
    "dependencies": {
      "express": "^4.18.2",
      "fs": "^0.0.1-security",
      "fs-extra": "^11.1.0",
      "gltf-pipeline": "^3.0.5",
      "nodemon": "^2.0.20",
      "obj2gltf": "^3.1.4"
    }
  }

yarn manifest: 
  No manifest

Lockfile: 
  # THIS IS AN AUTOGENERATED FILE. DO NOT EDIT THIS FILE DIRECTLY.
  # yarn lockfile v1
  
  
  "@cesium/engine@1.0.0":
    "integrity" "sha512-efbS9qzYxb6azQ2sz7FVJ8k1ae0qdDYBsv6qe3SC6vgB81x5kXqhqEbExyIbx22Z9NRbIV+iopP9M9rU+VwSCQ=="
    "resolved" "https://registry.npmjs.org/@cesium/engine/-/engine-1.0.0.tgz"
    "version" "1.0.0"
    dependencies:
      "@tweenjs/tween.js" "^18.6.4"
      "@zip.js/zip.js" "2.4.x"
      "autolinker" "^3.14.3"
      "bitmap-sdf" "^1.0.3"
      "dompurify" "^2.2.2"
      "earcut" "^2.2.4"
      "grapheme-splitter" "^1.0.4"
      "jsep" "^0.3.1"
      "kdbush" "^3.0.0"
      "ktx-parse" "^0.4.5"
      "lerc" "^2.0.0"
      "mersenne-twister" "^1.1.0"
      "meshoptimizer" "^0.18.1"
      "pako" "^2.0.4"
      "protobufjs" "^7.1.0"
      "rbush" "^3.0.1"
      "topojson-client" "^3.1.0"
      "urijs" "^1.19.7"
  
  "@cesium/widgets@1.0.0":
    "integrity" "sha512-tT/euGktMuOmKwiJvnWwh/9syTAs3sARXIVrOu9JyUAUx6aN12tZzwA9XSsDCRixL+IUtIFjDv6fq4+bvbDetA=="
    "resolved" "https://registry.npmjs.org/@cesium/widgets/-/widgets-1.0.0.tgz"
    "version" "1.0.0"
    dependencies:
      "@cesium/engine" "1.0.0"
      "nosleep.js" "^0.12.0"
  
  "@protobufjs/aspromise@^1.1.1", "@protobufjs/aspromise@^1.1.2":
    "integrity" "sha512-j+gKExEuLmKwvz3OgROXtrJ2UG2x8Ch2YZUxahh+s1F2HZ+wAceUNLkvy6zKCPVRkU++ZWQrdxsUeQXmcg4uoQ=="
    "resolved" "https://registry.npmjs.org/@protobufjs/aspromise/-/aspromise-1.1.2.tgz"
    "version" "1.1.2"
  
  "@protobufjs/base64@^1.1.2":
    "integrity" "sha512-AZkcAA5vnN/v4PDqKyMR5lx7hZttPDgClv83E//FMNhR2TMcLUhfRUBHCmSl0oi9zMgDDqRUJkSxO3wm85+XLg=="
    "resolved" "https://registry.npmjs.org/@protobufjs/base64/-/base64-1.1.2.tgz"
    "version" "1.1.2"
  
  "@protobufjs/codegen@^2.0.4":
    "integrity" "sha512-YyFaikqM5sH0ziFZCN3xDC7zeGaB/d0IUb9CATugHWbd1FRFwWwt4ld4OYMPWu5a3Xe01mGAULCdqhMlPl29Jg=="
    "resolved" "https://registry.npmjs.org/@protobufjs/codegen/-/codegen-2.0.4.tgz"
    "version" "2.0.4"
  
  "@protobufjs/eventemitter@^1.1.0":
    "integrity" "sha512-j9ednRT81vYJ9OfVuXG6ERSTdEL1xVsNgqpkxMsbIabzSo3goCjDIveeGv5d03om39ML71RdmrGNjG5SReBP/Q=="
    "resolved" "https://registry.npmjs.org/@protobufjs/eventemitter/-/eventemitter-1.1.0.tgz"
    "version" "1.1.0"
  
  "@protobufjs/fetch@^1.1.0":
    "integrity" "sha512-lljVXpqXebpsijW71PZaCYeIcE5on1w5DlQy5WH6GLbFryLUrBD4932W/E2BSpfRJWseIL4v/KPgBFxDOIdKpQ=="
    "resolved" "https://registry.npmjs.org/@protobufjs/fetch/-/fetch-1.1.0.tgz"
    "version" "1.1.0"
    dependencies:
      "@protobufjs/aspromise" "^1.1.1"
      "@protobufjs/inquire" "^1.1.0"
  
  "@protobufjs/float@^1.0.2":
    "integrity" "sha512-Ddb+kVXlXst9d+R9PfTIxh1EdNkgoRe5tOX6t01f1lYWOvJnSPDBlG241QLzcyPdoNTsblLUdujGSE4RzrTZGQ=="
    "resolved" "https://registry.npmjs.org/@protobufjs/float/-/float-1.0.2.tgz"
    "version" "1.0.2"
  
  "@protobufjs/inquire@^1.1.0":
    "integrity" "sha512-kdSefcPdruJiFMVSbn801t4vFK7KB/5gd2fYvrxhuJYg8ILrmn9SKSX2tZdV6V+ksulWqS7aXjBcRXl3wHoD9Q=="
    "resolved" "https://registry.npmjs.org/@protobufjs/inquire/-/inquire-1.1.0.tgz"
    "version" "1.1.0"
  
  "@protobufjs/path@^1.1.2":
    "integrity" "sha512-6JOcJ5Tm08dOHAbdR3GrvP+yUUfkjG5ePsHYczMFLq3ZmMkAD98cDgcT2iA1lJ9NVwFd4tH/iSSoe44YWkltEA=="
    "resolved" "https://registry.npmjs.org/@protobufjs/path/-/path-1.1.2.tgz"
    "version" "1.1.2"
  
  "@protobufjs/pool@^1.1.0":
    "integrity" "sha512-0kELaGSIDBKvcgS4zkjz1PeddatrjYcmMWOlAuAPwAeccUrPHdUqo/J6LiymHHEiJT5NrF1UVwxY14f+fy4WQw=="
    "resolved" "https://registry.npmjs.org/@protobufjs/pool/-/pool-1.1.0.tgz"
    "version" "1.1.0"
  
  "@protobufjs/utf8@^1.1.0":
    "integrity" "sha512-Vvn3zZrhQZkkBE8LSuW3em98c0FwgO4nxzv6OdSxPKJIEKY2bGbHn+mhGIPerzI4twdxaP8/0+06HBpwf345Lw=="
    "resolved" "https://registry.npmjs.org/@protobufjs/utf8/-/utf8-1.1.0.tgz"
    "version" "1.1.0"
  
  "@tweenjs/tween.js@^18.6.4":
    "integrity" "sha512-lB9lMjuqjtuJrx7/kOkqQBtllspPIN+96OvTCeJ2j5FEzinoAXTdAMFnDAQT1KVPRlnYfBrqxtqP66vDM40xxQ=="
    "resolved" "https://registry.npmjs.org/@tweenjs/tween.js/-/tween.js-18.6.4.tgz"
    "version" "18.6.4"
  
  "@types/node@>=13.7.0":
    "integrity" "sha512-DHQpWGjyQKSHj3ebjFI/wRKcqQcdR+MoFBygntYOZytCqNfkd2ZC4ARDJ2DQqhjH5p85Nnd3jhUJIXrszFX/JA=="
    "resolved" "https://registry.npmjs.org/@types/node/-/node-18.11.18.tgz"
    "version" "18.11.18"
  
  "@zip.js/zip.js@2.4.x":
    "integrity" "sha512-I9HBO3BHIxEMQmltmHM3iqUW6IHqi3gsL9wTSXvHTRpOrA6q2OxtR58EDSaOGjHhDVJ+wIOAxZyKq2x00AVmqw=="
    "resolved" "https://registry.npmjs.org/@zip.js/zip.js/-/zip.js-2.4.26.tgz"
    "version" "2.4.26"
  
  "abbrev@1":
    "integrity" "sha512-nne9/IiQ/hzIhY6pdDnbBtz7DjPTKrY00P/zvPSm5pOFkl6xuGrGnXn/VtTNNfNtAfZ9/1RtehkszU9qcTii0Q=="
    "resolved" "https://registry.npmjs.org/abbrev/-/abbrev-1.1.1.tgz"
    "version" "1.1.1"
  
  "accepts@~1.3.8":
    "integrity" "sha512-PYAthTa2m2VKxuvSD3DPC/Gy+U+sOA1LAuT8mkmRuvw+NACSaeXEQ+NHcVF7rONl6qcaxV3Uuemwawk+7+SJLw=="
    "resolved" "https://registry.npmjs.org/accepts/-/accepts-1.3.8.tgz"
    "version" "1.3.8"
    dependencies:
      "mime-types" "~2.1.34"
      "negotiator" "0.6.3"
  
  "ansi-regex@^5.0.1":
    "integrity" "sha512-quJQXlTSUGL2LH9SUXo8VwsY4soanhgo6LNSm84E1LBcE8s3O0wpdiRzyR9z/ZZJMlMWv37qOOb9pdJlMUEKFQ=="
    "resolved" "https://registry.npmjs.org/ansi-regex/-/ansi-regex-5.0.1.tgz"
    "version" "5.0.1"
  
  "ansi-styles@^4.0.0":
    "integrity" "sha512-zbB9rCJAT1rbjiVDb2hqKFHNYLxgtk8NURxZ3IZwD3F6NtxbXZQCnnSi1Lkx+IDohdPlFp222wVALIheZJQSEg=="
    "resolved" "https://registry.npmjs.org/ansi-styles/-/ansi-styles-4.3.0.tgz"
    "version" "4.3.0"
    dependencies:
      "color-convert" "^2.0.1"
  
  "anymatch@~3.1.2":
    "integrity" "sha512-KMReFUr0B4t+D+OBkjR3KYqvocp2XaSzO55UcB6mgQMd3KbcE+mWTyvVV7D/zsdEbNnV6acZUutkiHQXvTr1Rw=="
    "resolved" "https://registry.npmjs.org/anymatch/-/anymatch-3.1.3.tgz"
    "version" "3.1.3"
    dependencies:
      "normalize-path" "^3.0.0"
      "picomatch" "^2.0.4"
  
  "array-flatten@1.1.1":
    "integrity" "sha512-PCVAQswWemu6UdxsDFFX/+gVeYqKAod3D3UVm91jHwynguOwAvYPhx8nNlM++NqRcK6CxxpUafjmhIdKiHibqg=="
    "resolved" "https://registry.npmjs.org/array-flatten/-/array-flatten-1.1.1.tgz"
    "version" "1.1.1"
  
  "autolinker@^3.14.3":
    "integrity" "sha512-JiYl7j2Z19F9NdTmirENSUUIIL/9MytEWtmzhfmsKPCp9E+G35Y0UNCMoM9tFigxT59qSc8Ml2dlZXOCVTYwuA=="
    "resolved" "https://registry.npmjs.org/autolinker/-/autolinker-3.16.2.tgz"
    "version" "3.16.2"
    dependencies:
      "tslib" "^2.3.0"
  
  "balanced-match@^1.0.0":
    "integrity" "sha512-3oSeUO0TMV67hN1AmbXsK4yaqU7tjiHlbxRDZOpH0KW9+CeX4bRAaX0Anxt0tx2MrpRpWwQaPwIlISEJhYU5Pw=="
    "resolved" "https://registry.npmjs.org/balanced-match/-/balanced-match-1.0.2.tgz"
    "version" "1.0.2"
  
  "binary-extensions@^2.0.0":
    "integrity" "sha512-jDctJ/IVQbZoJykoeHbhXpOlNBqGNcwXJKJog42E5HDPUwQTSdjCHdihjj0DlnheQ7blbT6dHOafNAiS8ooQKA=="
    "resolved" "https://registry.npmjs.org/binary-extensions/-/binary-extensions-2.2.0.tgz"
    "version" "2.2.0"
  
  "bitmap-sdf@^1.0.3":
    "integrity" "sha512-1G3U4n5JE6RAiALMxu0p1XmeZkTeCwGKykzsLTCqVzfSDaN6S7fKnkIkfejogz+iwqBWc0UYAIKnKHNN7pSfDg=="
    "resolved" "https://registry.npmjs.org/bitmap-sdf/-/bitmap-sdf-1.0.4.tgz"
    "version" "1.0.4"
  
  "bluebird@^3.7.2":
    "integrity" "sha512-XpNj6GDQzdfW+r2Wnn7xiSAd7TM3jzkxGXBGTtWKuSXv1xUV+azxAm8jdWZN06QTQk+2N2XB9jRDkvbmQmcRtg=="
    "resolved" "https://registry.npmjs.org/bluebird/-/bluebird-3.7.2.tgz"
    "version" "3.7.2"
  
  "body-parser@1.20.1":
    "integrity" "sha512-jWi7abTbYwajOytWCQc37VulmWiRae5RyTpaCyDcS5/lMdtwSz5lOpDE67srw/HYe35f1z3fDQw+3txg7gNtWw=="
    "resolved" "https://registry.npmjs.org/body-parser/-/body-parser-1.20.1.tgz"
    "version" "1.20.1"
    dependencies:
      "bytes" "3.1.2"
      "content-type" "~1.0.4"
      "debug" "2.6.9"
      "depd" "2.0.0"
      "destroy" "1.2.0"
      "http-errors" "2.0.0"
      "iconv-lite" "0.4.24"
      "on-finished" "2.4.1"
      "qs" "6.11.0"
      "raw-body" "2.5.1"
      "type-is" "~1.6.18"
      "unpipe" "1.0.0"
  
  "brace-expansion@^1.1.7":
    "integrity" "sha512-iCuPHDFgrHX7H2vEI/5xpz07zSHB00TpugqhmYtVmMO6518mCuRMoOYFldEBl0g187ufozdaHgWKcYFb61qGiA=="
    "resolved" "https://registry.npmjs.org/brace-expansion/-/brace-expansion-1.1.11.tgz"
    "version" "1.1.11"
    dependencies:
      "balanced-match" "^1.0.0"
      "concat-map" "0.0.1"
  
  "braces@~3.0.2":
    "integrity" "sha512-b8um+L1RzM3WDSzvhm6gIz1yfTbBt6YTlcEKAvsmqCZZFw46z626lVj9j1yEPW33H5H+lBQpZMP1k8l+78Ha0A=="
    "resolved" "https://registry.npmjs.org/braces/-/braces-3.0.2.tgz"
    "version" "3.0.2"
    dependencies:
      "fill-range" "^7.0.1"
  
  "bytes@3.1.2":
    "integrity" "sha512-/Nf7TyzTx6S3yRJObOAV7956r8cr2+Oj8AC5dt8wSP3BQAoeX58NoHyCU8P8zGkNXStjTSi6fzO6F0pBdcYbEg=="
    "resolved" "https://registry.npmjs.org/bytes/-/bytes-3.1.2.tgz"
    "version" "3.1.2"
  
  "call-bind@^1.0.0":
    "integrity" "sha512-7O+FbCihrB5WGbFYesctwmTKae6rOiIzmz1icreWJ+0aA7LJfuqhEso2T9ncpcFtzMQtzXf2QGGueWJGTYsqrA=="
    "resolved" "https://registry.npmjs.org/call-bind/-/call-bind-1.0.2.tgz"
    "version" "1.0.2"
    dependencies:
      "function-bind" "^1.1.1"
      "get-intrinsic" "^1.0.2"
  
  "cesium@^1.86.1":
    "integrity" "sha512-f9pBg6DBY4LoRzpOLPhtmUAi0V7FJVrI/fXYLFri3xtK/aEwwmY/+slH82sOXx7Ynt3PRVCsM/4L/Xe/x5Asvg=="
    "resolved" "https://registry.npmjs.org/cesium/-/cesium-1.100.0.tgz"
    "version" "1.100.0"
    dependencies:
      "@cesium/engine" "1.0.0"
      "@cesium/widgets" "1.0.0"
  
  "chokidar@^3.5.2":
    "integrity" "sha512-Dr3sfKRP6oTcjf2JmUmFJfeVMvXBdegxB0iVQ5eb2V10uFJUCAS8OByZdVAyVb8xXNz3GjjTgj9kLWsZTqE6kw=="
    "resolved" "https://registry.npmjs.org/chokidar/-/chokidar-3.5.3.tgz"
    "version" "3.5.3"
    dependencies:
      "anymatch" "~3.1.2"
      "braces" "~3.0.2"
      "glob-parent" "~5.1.2"
      "is-binary-path" "~2.1.0"
      "is-glob" "~4.0.1"
      "normalize-path" "~3.0.0"
      "readdirp" "~3.6.0"
    optionalDependencies:
      "fsevents" "~2.3.2"
  
  "cliui@^8.0.1":
    "integrity" "sha512-BSeNnyus75C4//NQ9gQt1/csTXyo/8Sb+afLAkzAptFuMsod9HFokGNudZpi/oQV73hnVK+sR+5PVRMd+Dr7YQ=="
    "resolved" "https://registry.npmjs.org/cliui/-/cliui-8.0.1.tgz"
    "version" "8.0.1"
    dependencies:
      "string-width" "^4.2.0"
      "strip-ansi" "^6.0.1"
      "wrap-ansi" "^7.0.0"
  
  "color-convert@^2.0.1":
    "integrity" "sha512-RRECPsj7iu/xb5oKYcsFHSppFNnsj/52OVTRKb4zP5onXwVF3zVmmToNcOfGC+CRDpfK/U584fMg38ZHCaElKQ=="
    "resolved" "https://registry.npmjs.org/color-convert/-/color-convert-2.0.1.tgz"
    "version" "2.0.1"
    dependencies:
      "color-name" "~1.1.4"
  
  "color-name@~1.1.4":
    "integrity" "sha512-dOy+3AuW3a2wNbZHIuMZpTcgjGuLU/uBL/ubcZF9OXbDo8ff4O8yVp5Bf0efS8uEoYo5q4Fx7dY9OgQGXgAsQA=="
    "resolved" "https://registry.npmjs.org/color-name/-/color-name-1.1.4.tgz"
    "version" "1.1.4"
  
  "commander@2":
    "integrity" "sha512-GpVkmM8vF2vQUkj2LvZmD35JxeJOLCwJ9cUkugyk2nuhbv3+mJvpLYYt+0+USMxE+oj+ey/lJEnhZw75x/OMcQ=="
    "resolved" "https://registry.npmjs.org/commander/-/commander-2.20.3.tgz"
    "version" "2.20.3"
  
  "concat-map@0.0.1":
    "integrity" "sha512-/Srv4dswyQNBfohGpz9o6Yb3Gz3SrUDqBH5rTuhGR7ahtlbYKnVxw2bCFMRljaA7EXHaXZ8wsHdodFvbkhKmqg=="
    "resolved" "https://registry.npmjs.org/concat-map/-/concat-map-0.0.1.tgz"
    "version" "0.0.1"
  
  "content-disposition@0.5.4":
    "integrity" "sha512-FveZTNuGw04cxlAiWbzi6zTAL/lhehaWbTtgluJh4/E95DqMwTmha3KZN1aAWA8cFIhHzMZUvLevkw5Rqk+tSQ=="
    "resolved" "https://registry.npmjs.org/content-disposition/-/content-disposition-0.5.4.tgz"
    "version" "0.5.4"
    dependencies:
      "safe-buffer" "5.2.1"
  
  "content-type@~1.0.4":
    "integrity" "sha512-hIP3EEPs8tB9AT1L+NUqtwOAps4mk2Zob89MWXMHjHWg9milF/j4osnnQLXBCBFBk/tvIG/tUc9mOUJiPBhPXA=="
    "resolved" "https://registry.npmjs.org/content-type/-/content-type-1.0.4.tgz"
    "version" "1.0.4"
  
  "cookie-signature@1.0.6":
    "integrity" "sha512-QADzlaHc8icV8I7vbaJXJwod9HWYp8uCqf1xa4OfNu1T7JVxQIrUgOWtHdNDtPiywmFbiS12VjotIXLrKM3orQ=="
    "resolved" "https://registry.npmjs.org/cookie-signature/-/cookie-signature-1.0.6.tgz"
    "version" "1.0.6"
  
  "cookie@0.5.0":
    "integrity" "sha512-YZ3GUyn/o8gfKJlnlX7g7xq4gyO6OSuhGPKaaGssGB2qgDUS0gPgtTvoyZLTt9Ab6dC4hfc9dV5arkvc/OCmrw=="
    "resolved" "https://registry.npmjs.org/cookie/-/cookie-0.5.0.tgz"
    "version" "0.5.0"
  
  "debug@^3.2.7":
    "integrity" "sha512-CFjzYYAi4ThfiQvizrFQevTTXHtnCqWfe7x1AhgEscTz6ZbLbfoLRLPugTQyBth6f8ZERVUSyWHFD/7Wu4t1XQ=="
    "resolved" "https://registry.npmjs.org/debug/-/debug-3.2.7.tgz"
    "version" "3.2.7"
    dependencies:
      "ms" "^2.1.1"
  
  "debug@2.6.9":
    "integrity" "sha512-bC7ElrdJaJnPbAP+1EotYvqZsb3ecl5wi6Bfi6BJTUcNowp6cvspg0jXznRTKDjm/E7AdgFBVeAPVMNcKGsHMA=="
    "resolved" "https://registry.npmjs.org/debug/-/debug-2.6.9.tgz"
    "version" "2.6.9"
    dependencies:
      "ms" "2.0.0"
  
  "depd@2.0.0":
    "integrity" "sha512-g7nH6P6dyDioJogAAGprGpCtVImJhpPk/roCzdb3fIh61/s/nPsfR6onyMwkCAR/OlC3yBC0lESvUoQEAssIrw=="
    "resolved" "https://registry.npmjs.org/depd/-/depd-2.0.0.tgz"
    "version" "2.0.0"
  
  "destroy@1.2.0":
    "integrity" "sha512-2sJGJTaXIIaR1w4iJSNoN0hnMY7Gpc/n8D4qSCJw8QqFWXf7cuAgnEHxBpweaVcPevC2l3KpjYCx3NypQQgaJg=="
    "resolved" "https://registry.npmjs.org/destroy/-/destroy-1.2.0.tgz"
    "version" "1.2.0"
  
  "dompurify@^2.2.2":
    "integrity" "sha512-ewwFzHzrrneRjxzmK6oVz/rZn9VWspGFRDb4/rRtIsM1n36t9AKma/ye8syCpcw+XJ25kOK/hOG7t1j2I2yBqA=="
    "resolved" "https://registry.npmjs.org/dompurify/-/dompurify-2.4.1.tgz"
    "version" "2.4.1"
  
  "draco3d@^1.4.3":
    "integrity" "sha512-JVuNV0EJzD3LBYhGyIXJLeBID/EVtmFO1ZNhAYflTgiMiAJlbhXQmRRda/azjc8MRVMHh0gqGhiqHUo5dIXM8Q=="
    "resolved" "https://registry.npmjs.org/draco3d/-/draco3d-1.5.5.tgz"
    "version" "1.5.5"
  
  "earcut@^2.2.4":
    "integrity" "sha512-/pjZsA1b4RPHbeWZQn66SWS8nZZWLQQ23oE3Eam7aroEFGEvwKAsJfZ9ytiEMycfzXWpca4FA9QIOehf7PocBQ=="
    "resolved" "https://registry.npmjs.org/earcut/-/earcut-2.2.4.tgz"
    "version" "2.2.4"
  
  "ee-first@1.1.1":
    "integrity" "sha512-WMwm9LhRUo+WUaRN+vRuETqG89IgZphVSNkdFgeb6sS/E4OrDIN7t48CAewSHXc6C8lefD8KKfr5vY61brQlow=="
    "resolved" "https://registry.npmjs.org/ee-first/-/ee-first-1.1.1.tgz"
    "version" "1.1.1"
  
  "emoji-regex@^8.0.0":
    "integrity" "sha512-MSjYzcWNOA0ewAHpz0MxpYFvwg6yjy1NG3xteoqz644VCo/RPgnr1/GGt+ic3iJTzQ8Eu3TdM14SawnVUmGE6A=="
    "resolved" "https://registry.npmjs.org/emoji-regex/-/emoji-regex-8.0.0.tgz"
    "version" "8.0.0"
  
  "encodeurl@~1.0.2":
    "integrity" "sha512-TPJXq8JqFaVYm2CWmPvnP2Iyo4ZSM7/QKcSmuMLDObfpH5fi7RUGmd/rTDf+rut/saiDiQEeVTNgAmJEdAOx0w=="
    "resolved" "https://registry.npmjs.org/encodeurl/-/encodeurl-1.0.2.tgz"
    "version" "1.0.2"
  
  "escalade@^3.1.1":
    "integrity" "sha512-k0er2gUkLf8O0zKJiAhmkTnJlTvINGv7ygDNPbeIsX/TJjGJZHuh9B2UxbsaEkmlEo9MfhrSzmhIlhRlI2GXnw=="
    "resolved" "https://registry.npmjs.org/escalade/-/escalade-3.1.1.tgz"
    "version" "3.1.1"
  
  "escape-html@~1.0.3":
    "integrity" "sha512-NiSupZ4OeuGwr68lGIeym/ksIZMJodUGOSCZ/FSnTxcrekbvqrgdUxlJOMpijaKZVjAJrWrGs/6Jy8OMuyj9ow=="
    "resolved" "https://registry.npmjs.org/escape-html/-/escape-html-1.0.3.tgz"
    "version" "1.0.3"
  
  "etag@~1.8.1":
    "integrity" "sha512-aIL5Fx7mawVa300al2BnEE4iNvo1qETxLrPI/o05L7z6go7fCw1J6EQmbK4FmJ2AS7kgVF/KEZWufBfdClMcPg=="
    "resolved" "https://registry.npmjs.org/etag/-/etag-1.8.1.tgz"
    "version" "1.8.1"
  
  "express@^4.18.2":
    "integrity" "sha512-5/PsL6iGPdfQ/lKM1UuielYgv3BUoJfz1aUwU9vHZ+J7gyvwdQXFEBIEIaxeGf0GIcreATNyBExtalisDbuMqQ=="
    "resolved" "https://registry.npmjs.org/express/-/express-4.18.2.tgz"
    "version" "4.18.2"
    dependencies:
      "accepts" "~1.3.8"
      "array-flatten" "1.1.1"
      "body-parser" "1.20.1"
      "content-disposition" "0.5.4"
      "content-type" "~1.0.4"
      "cookie" "0.5.0"
      "cookie-signature" "1.0.6"
      "debug" "2.6.9"
      "depd" "2.0.0"
      "encodeurl" "~1.0.2"
      "escape-html" "~1.0.3"
      "etag" "~1.8.1"
      "finalhandler" "1.2.0"
      "fresh" "0.5.2"
      "http-errors" "2.0.0"
      "merge-descriptors" "1.0.1"
      "methods" "~1.1.2"
      "on-finished" "2.4.1"
      "parseurl" "~1.3.3"
      "path-to-regexp" "0.1.7"
      "proxy-addr" "~2.0.7"
      "qs" "6.11.0"
      "range-parser" "~1.2.1"
      "safe-buffer" "5.2.1"
      "send" "0.18.0"
      "serve-static" "1.15.0"
      "setprototypeof" "1.2.0"
      "statuses" "2.0.1"
      "type-is" "~1.6.18"
      "utils-merge" "1.0.1"
      "vary" "~1.1.2"
  
  "fill-range@^7.0.1":
    "integrity" "sha512-qOo9F+dMUmC2Lcb4BbVvnKJxTPjCm+RRpe4gDuGrzkL7mEVl/djYSu2OdQ2Pa302N4oqkSg9ir6jaLWJ2USVpQ=="
    "resolved" "https://registry.npmjs.org/fill-range/-/fill-range-7.0.1.tgz"
    "version" "7.0.1"
    dependencies:
      "to-regex-range" "^5.0.1"
  
  "finalhandler@1.2.0":
    "integrity" "sha512-5uXcUVftlQMFnWC9qu/svkWv3GTd2PfUhK/3PLkYNAe7FbqJMt3515HaxE6eRL74GdsriiwujiawdaB1BpEISg=="
    "resolved" "https://registry.npmjs.org/finalhandler/-/finalhandler-1.2.0.tgz"
    "version" "1.2.0"
    dependencies:
      "debug" "2.6.9"
      "encodeurl" "~1.0.2"
      "escape-html" "~1.0.3"
      "on-finished" "2.4.1"
      "parseurl" "~1.3.3"
      "statuses" "2.0.1"
      "unpipe" "~1.0.0"
  
  "forwarded@0.2.0":
    "integrity" "sha512-buRG0fpBtRHSTCOASe6hD258tEubFoRLb4ZNA6NxMVHNw2gOcwHo9wyablzMzOA5z9xA9L1KNjk/Nt6MT9aYow=="
    "resolved" "https://registry.npmjs.org/forwarded/-/forwarded-0.2.0.tgz"
    "version" "0.2.0"
  
  "fresh@0.5.2":
    "integrity" "sha512-zJ2mQYM18rEFOudeV4GShTGIQ7RbzA7ozbU9I/XBpm7kqgMywgmylMwXHxZJmkVoYkna9d2pVXVXPdYTP9ej8Q=="
    "resolved" "https://registry.npmjs.org/fresh/-/fresh-0.5.2.tgz"
    "version" "0.5.2"
  
  "fs-extra@^10.0.0":
    "integrity" "sha512-oRXApq54ETRj4eMiFzGnHWGy+zo5raudjuxN0b8H7s/RU2oW0Wvsx9O0ACRN/kRq9E8Vu/ReskGB5o3ji+FzHQ=="
    "resolved" "https://registry.npmjs.org/fs-extra/-/fs-extra-10.1.0.tgz"
    "version" "10.1.0"
    dependencies:
      "graceful-fs" "^4.2.0"
      "jsonfile" "^6.0.1"
      "universalify" "^2.0.0"
  
  "fs-extra@^11.1.0":
    "integrity" "sha512-0rcTq621PD5jM/e0a3EJoGC/1TC5ZBCERW82LQuwfGnCa1V8w7dpYH1yNu+SLb6E5dkeCBzKEyLGlFrnr+dUyw=="
    "resolved" "https://registry.npmjs.org/fs-extra/-/fs-extra-11.1.0.tgz"
    "version" "11.1.0"
    dependencies:
      "graceful-fs" "^4.2.0"
      "jsonfile" "^6.0.1"
      "universalify" "^2.0.0"
  
  "fs@^0.0.1-security":
    "integrity" "sha512-3XY9e1pP0CVEUCdj5BmfIZxRBTSDycnbqhIOGec9QYtmVH2fbLpj86CFWkrNOkt/Fvty4KZG5lTglL9j/gJ87w=="
    "resolved" "https://registry.npmjs.org/fs/-/fs-0.0.1-security.tgz"
    "version" "0.0.1-security"
  
  "function-bind@^1.1.1":
    "integrity" "sha512-yIovAzMX49sF8Yl58fSCWJ5svSLuaibPxXQJFLmBObTuCr0Mf1KiPopGM9NiFjiYBCbfaa2Fh6breQ6ANVTI0A=="
    "resolved" "https://registry.npmjs.org/function-bind/-/function-bind-1.1.1.tgz"
    "version" "1.1.1"
  
  "get-caller-file@^2.0.5":
    "integrity" "sha512-DyFP3BM/3YHTQOCUL/w0OZHR0lpKeGrxotcHWcqNEdnltqFwXVfhEBQ94eIo34AfQpo0rGki4cyIiftY06h2Fg=="
    "resolved" "https://registry.npmjs.org/get-caller-file/-/get-caller-file-2.0.5.tgz"
    "version" "2.0.5"
  
  "get-intrinsic@^1.0.2":
    "integrity" "sha512-QJVz1Tj7MS099PevUG5jvnt9tSkXN8K14dxQlikJuPt4uD9hHAHjLyLBiLR5zELelBdD9QNRAXZzsJx0WaDL9A=="
    "resolved" "https://registry.npmjs.org/get-intrinsic/-/get-intrinsic-1.1.3.tgz"
    "version" "1.1.3"
    dependencies:
      "function-bind" "^1.1.1"
      "has" "^1.0.3"
      "has-symbols" "^1.0.3"
  
  "glob-parent@~5.1.2":
    "integrity" "sha512-AOIgSQCepiJYwP3ARnGx+5VnTu2HBYdzbGP45eLw1vr3zB3vZLeyed1sC9hnbcOc9/SrMyM5RPQrkGz4aS9Zow=="
    "resolved" "https://registry.npmjs.org/glob-parent/-/glob-parent-5.1.2.tgz"
    "version" "5.1.2"
    dependencies:
      "is-glob" "^4.0.1"
  
  "gltf-pipeline@^3.0.5":
    "integrity" "sha512-OOgt9TvUTM7rh3ZSlDVNdsVr4J9F0HVOQr/CzwJIykNkAKPCW0Kpf1iX1/3X1tKN3HmIQzqXaWucLqgPv7qWow=="
    "resolved" "https://registry.npmjs.org/gltf-pipeline/-/gltf-pipeline-3.0.5.tgz"
    "version" "3.0.5"
    dependencies:
      "bluebird" "^3.7.2"
      "cesium" "^1.86.1"
      "draco3d" "^1.4.3"
      "fs-extra" "^10.0.0"
      "mime" "^2.5.2"
      "object-hash" "^2.2.0"
      "yargs" "^17.2.1"
  
  "graceful-fs@^4.1.6", "graceful-fs@^4.2.0":
    "integrity" "sha512-9ByhssR2fPVsNZj478qUUbKfmL0+t5BDVyjShtyZZLiK7ZDAArFFfopyOTj0M05wE2tJPisA4iTnnXl2YoPvOA=="
    "resolved" "https://registry.npmjs.org/graceful-fs/-/graceful-fs-4.2.10.tgz"
    "version" "4.2.10"
  
  "grapheme-splitter@^1.0.4":
    "integrity" "sha512-bzh50DW9kTPM00T8y4o8vQg89Di9oLJVLW/KaOGIXJWP/iqCN6WKYkbNOF04vFLJhwcpYUh9ydh/+5vpOqV4YQ=="
    "resolved" "https://registry.npmjs.org/grapheme-splitter/-/grapheme-splitter-1.0.4.tgz"
    "version" "1.0.4"
  
  "has-flag@^3.0.0":
    "integrity" "sha512-sKJf1+ceQBr4SMkvQnBDNDtf4TXpVhVGateu0t918bl30FnbE2m4vNLX+VWe/dpjlb+HugGYzW7uQXH98HPEYw=="
    "resolved" "https://registry.npmjs.org/has-flag/-/has-flag-3.0.0.tgz"
    "version" "3.0.0"
  
  "has-symbols@^1.0.3":
    "integrity" "sha512-l3LCuF6MgDNwTDKkdYGEihYjt5pRPbEg46rtlmnSPlUbgmB8LOIrKJbYYFBSbnPaJexMKtiPO8hmeRjRz2Td+A=="
    "resolved" "https://registry.npmjs.org/has-symbols/-/has-symbols-1.0.3.tgz"
    "version" "1.0.3"
  
  "has@^1.0.3":
    "integrity" "sha512-f2dvO0VU6Oej7RkWJGrehjbzMAjFp5/VKPp5tTpWIV4JHHZK1/BxbFRtf/siA2SWTe09caDmVtYYzWEIbBS4zw=="
    "resolved" "https://registry.npmjs.org/has/-/has-1.0.3.tgz"
    "version" "1.0.3"
    dependencies:
      "function-bind" "^1.1.1"
  
  "http-errors@2.0.0":
    "integrity" "sha512-FtwrG/euBzaEjYeRqOgly7G0qviiXoJWnvEH2Z1plBdXgbyjv34pHTSb9zoeHMyDy33+DWy5Wt9Wo+TURtOYSQ=="
    "resolved" "https://registry.npmjs.org/http-errors/-/http-errors-2.0.0.tgz"
    "version" "2.0.0"
    dependencies:
      "depd" "2.0.0"
      "inherits" "2.0.4"
      "setprototypeof" "1.2.0"
      "statuses" "2.0.1"
      "toidentifier" "1.0.1"
  
  "iconv-lite@0.4.24":
    "integrity" "sha512-v3MXnZAcvnywkTUEZomIActle7RXXeedOR31wwl7VlyoXO4Qi9arvSenNQWne1TcRwhCL1HwLI21bEqdpj8/rA=="
    "resolved" "https://registry.npmjs.org/iconv-lite/-/iconv-lite-0.4.24.tgz"
    "version" "0.4.24"
    dependencies:
      "safer-buffer" ">= 2.1.2 < 3"
  
  "ignore-by-default@^1.0.1":
    "integrity" "sha512-Ius2VYcGNk7T90CppJqcIkS5ooHUZyIQK+ClZfMfMNFEF9VSE73Fq+906u/CWu92x4gzZMWOwfFYckPObzdEbA=="
    "resolved" "https://registry.npmjs.org/ignore-by-default/-/ignore-by-default-1.0.1.tgz"
    "version" "1.0.1"
  
  "inherits@2.0.4":
    "integrity" "sha512-k/vGaX4/Yla3WzyMCvTQOXYeIHvqOKtnqBduzTHpzpQZzAskKMhZ2K+EnBiSM9zGSoIFeMpXKxa4dYeZIQqewQ=="
    "resolved" "https://registry.npmjs.org/inherits/-/inherits-2.0.4.tgz"
    "version" "2.0.4"
  
  "ipaddr.js@1.9.1":
    "integrity" "sha512-0KI/607xoxSToH7GjN1FfSbLoU0+btTicjsQSWQlh/hZykN8KpmMf7uYwPW3R+akZ6R/w18ZlXSHBYXiYUPO3g=="
    "resolved" "https://registry.npmjs.org/ipaddr.js/-/ipaddr.js-1.9.1.tgz"
    "version" "1.9.1"
  
  "is-binary-path@~2.1.0":
    "integrity" "sha512-ZMERYes6pDydyuGidse7OsHxtbI7WVeUEozgR/g7rd0xUimYNlvZRE/K2MgZTjWy725IfelLeVcEM97mmtRGXw=="
    "resolved" "https://registry.npmjs.org/is-binary-path/-/is-binary-path-2.1.0.tgz"
    "version" "2.1.0"
    dependencies:
      "binary-extensions" "^2.0.0"
  
  "is-extglob@^2.1.1":
    "integrity" "sha512-SbKbANkN603Vi4jEZv49LeVJMn4yGwsbzZworEoyEiutsN3nJYdbO36zfhGJ6QEDpOZIFkDtnq5JRxmvl3jsoQ=="
    "resolved" "https://registry.npmjs.org/is-extglob/-/is-extglob-2.1.1.tgz"
    "version" "2.1.1"
  
  "is-fullwidth-code-point@^3.0.0":
    "integrity" "sha512-zymm5+u+sCsSWyD9qNaejV3DFvhCKclKdizYaJUuHA83RLjb7nSuGnddCHGv0hk+KY7BMAlsWeK4Ueg6EV6XQg=="
    "resolved" "https://registry.npmjs.org/is-fullwidth-code-point/-/is-fullwidth-code-point-3.0.0.tgz"
    "version" "3.0.0"
  
  "is-glob@^4.0.1", "is-glob@~4.0.1":
    "integrity" "sha512-xelSayHH36ZgE7ZWhli7pW34hNbNl8Ojv5KVmkJD4hBdD3th8Tfk9vYasLM+mXWOZhFkgZfxhLSnrwRr4elSSg=="
    "resolved" "https://registry.npmjs.org/is-glob/-/is-glob-4.0.3.tgz"
    "version" "4.0.3"
    dependencies:
      "is-extglob" "^2.1.1"
  
  "is-number@^7.0.0":
    "integrity" "sha512-41Cifkg6e8TylSpdtTpeLVMqvSBEVzTttHvERD741+pnZ8ANv0004MRL43QKPDlK9cGvNp6NZWZUBlbGXYxxng=="
    "resolved" "https://registry.npmjs.org/is-number/-/is-number-7.0.0.tgz"
    "version" "7.0.0"
  
  "jpeg-js@^0.4.3":
    "integrity" "sha512-WZzeDOEtTOBK4Mdsar0IqEU5sMr3vSV2RqkAIzUEV2BHnUfKGyswWFPFwK5EeDo93K3FohSHbLAjj0s1Wzd+dg=="
    "resolved" "https://registry.npmjs.org/jpeg-js/-/jpeg-js-0.4.4.tgz"
    "version" "0.4.4"
  
  "jsep@^0.3.1":
    "integrity" "sha512-AoRLBDc6JNnKjNcmonituEABS5bcfqDhQAWWXNTFrqu6nVXBpBAGfcoTGZMFlIrh9FjmE1CQyX9CTNwZrXMMDA=="
    "resolved" "https://registry.npmjs.org/jsep/-/jsep-0.3.5.tgz"
    "version" "0.3.5"
  
  "jsonfile@^6.0.1":
    "integrity" "sha512-5dgndWOriYSm5cnYaJNhalLNDKOqFwyDB/rr1E9ZsGciGvKPs8R2xYGCacuf3z6K1YKDz182fd+fY3cn3pMqXQ=="
    "resolved" "https://registry.npmjs.org/jsonfile/-/jsonfile-6.1.0.tgz"
    "version" "6.1.0"
    dependencies:
      "universalify" "^2.0.0"
    optionalDependencies:
      "graceful-fs" "^4.1.6"
  
  "kdbush@^3.0.0":
    "integrity" "sha512-hRkd6/XW4HTsA9vjVpY9tuXJYLSlelnkTmVFu4M9/7MIYQtFcHpbugAU7UbOfjOiVSVYl2fqgBuJ32JUmRo5Ew=="
    "resolved" "https://registry.npmjs.org/kdbush/-/kdbush-3.0.0.tgz"
    "version" "3.0.0"
  
  "ktx-parse@^0.4.5":
    "integrity" "sha512-MK3FOody4TXbFf8Yqv7EBbySw7aPvEcPX++Ipt6Sox+/YMFvR5xaTyhfNSk1AEmMy+RYIw81ctN4IMxCB8OAlg=="
    "resolved" "https://registry.npmjs.org/ktx-parse/-/ktx-parse-0.4.5.tgz"
    "version" "0.4.5"
  
  "lerc@^2.0.0":
    "integrity" "sha512-7qo1Mq8ZNmaR4USHHm615nEW2lPeeWJ3bTyoqFbd35DLx0LUH7C6ptt5FDCTAlbIzs3+WKrk5SkJvw8AFDE2hg=="
    "resolved" "https://registry.npmjs.org/lerc/-/lerc-2.0.0.tgz"
    "version" "2.0.0"
  
  "long@^5.0.0":
    "integrity" "sha512-GKSNGeNAtw8IryjjkhZxuKB3JzlcLTwjtiQCHKvqQet81I93kXslhDQruGI/QsddO83mcDToBVy7GqGS/zYf/A=="
    "resolved" "https://registry.npmjs.org/long/-/long-5.2.1.tgz"
    "version" "5.2.1"
  
  "media-typer@0.3.0":
    "integrity" "sha512-dq+qelQ9akHpcOl/gUVRTxVIOkAJ1wR3QAvb4RsVjS8oVoFjDGTc679wJYmUmknUF5HwMLOgb5O+a3KxfWapPQ=="
    "resolved" "https://registry.npmjs.org/media-typer/-/media-typer-0.3.0.tgz"
    "version" "0.3.0"
  
  "merge-descriptors@1.0.1":
    "integrity" "sha512-cCi6g3/Zr1iqQi6ySbseM1Xvooa98N0w31jzUYrXPX2xqObmFGHJ0tQ5u74H3mVh7wLouTseZyYIq39g8cNp1w=="
    "resolved" "https://registry.npmjs.org/merge-descriptors/-/merge-descriptors-1.0.1.tgz"
    "version" "1.0.1"
  
  "mersenne-twister@^1.1.0":
    "integrity" "sha512-mUYWsMKNrm4lfygPkL3OfGzOPTR2DBlTkBNHM//F6hGp8cLThY897crAlk3/Jo17LEOOjQUrNAx6DvgO77QJkA=="
    "resolved" "https://registry.npmjs.org/mersenne-twister/-/mersenne-twister-1.1.0.tgz"
    "version" "1.1.0"
  
  "meshoptimizer@^0.18.1":
    "integrity" "sha512-ZhoIoL7TNV4s5B6+rx5mC//fw8/POGyNxS/DZyCJeiZ12ScLfVwRE/GfsxwiTkMYYD5DmK2/JXnEVXqL4rF+Sw=="
    "resolved" "https://registry.npmjs.org/meshoptimizer/-/meshoptimizer-0.18.1.tgz"
    "version" "0.18.1"
  
  "methods@~1.1.2":
    "integrity" "sha512-iclAHeNqNm68zFtnZ0e+1L2yUIdvzNoauKU4WBA3VvH/vPFieF7qfRlwUZU+DA9P9bPXIS90ulxoUoCH23sV2w=="
    "resolved" "https://registry.npmjs.org/methods/-/methods-1.1.2.tgz"
    "version" "1.1.2"
  
  "mime-db@1.52.0":
    "integrity" "sha512-sPU4uV7dYlvtWJxwwxHD0PuihVNiE7TyAbQ5SWxDCB9mUYvOgroQOwYQQOKPJ8CIbE+1ETVlOoK1UC2nU3gYvg=="
    "resolved" "https://registry.npmjs.org/mime-db/-/mime-db-1.52.0.tgz"
    "version" "1.52.0"
  
  "mime-types@~2.1.24", "mime-types@~2.1.34":
    "integrity" "sha512-ZDY+bPm5zTTF+YpCrAU9nK0UgICYPT0QtT1NZWFv4s++TNkcgVaT0g6+4R2uI4MjQjzysHB1zxuWL50hzaeXiw=="
    "resolved" "https://registry.npmjs.org/mime-types/-/mime-types-2.1.35.tgz"
    "version" "2.1.35"
    dependencies:
      "mime-db" "1.52.0"
  
  "mime@^2.5.2":
    "integrity" "sha512-USPkMeET31rOMiarsBNIHZKLGgvKc/LrjofAnBlOttf5ajRvqiRA8QsenbcooctK6d6Ts6aqZXBA+XbkKthiQg=="
    "resolved" "https://registry.npmjs.org/mime/-/mime-2.6.0.tgz"
    "version" "2.6.0"
  
  "mime@1.6.0":
    "integrity" "sha512-x0Vn8spI+wuJ1O6S7gnbaQg8Pxh4NNHb7KSINmEWKiPE4RKOplvijn+NkmYmmRgP68mc70j2EbeTFRsrswaQeg=="
    "resolved" "https://registry.npmjs.org/mime/-/mime-1.6.0.tgz"
    "version" "1.6.0"
  
  "minimatch@^3.1.2":
    "integrity" "sha512-J7p63hRiAjw1NDEww1W7i37+ByIrOWO5XQQAzZ3VOcL0PNybwpfmV/N05zFAzwQ9USyEcX6t3UO+K5aqBQOIHw=="
    "resolved" "https://registry.npmjs.org/minimatch/-/minimatch-3.1.2.tgz"
    "version" "3.1.2"
    dependencies:
      "brace-expansion" "^1.1.7"
  
  "ms@^2.1.1":
    "integrity" "sha512-6FlzubTLZG3J2a/NVCAleEhjzq5oxgHyaCU9yYXvcLsvoVaHJq/s5xXI6/XXP6tz7R9xAOtHnSO/tXtF3WRTlA=="
    "resolved" "https://registry.npmjs.org/ms/-/ms-2.1.3.tgz"
    "version" "2.1.3"
  
  "ms@2.0.0":
    "integrity" "sha512-Tpp60P6IUJDTuOq/5Z8cdskzJujfwqfOTkrwIwj7IRISpnkJnT6SyJ4PCPnGMoFjC9ddhal5KVIYtAt97ix05A=="
    "resolved" "https://registry.npmjs.org/ms/-/ms-2.0.0.tgz"
    "version" "2.0.0"
  
  "ms@2.1.3":
    "integrity" "sha512-6FlzubTLZG3J2a/NVCAleEhjzq5oxgHyaCU9yYXvcLsvoVaHJq/s5xXI6/XXP6tz7R9xAOtHnSO/tXtF3WRTlA=="
    "resolved" "https://registry.npmjs.org/ms/-/ms-2.1.3.tgz"
    "version" "2.1.3"
  
  "negotiator@0.6.3":
    "integrity" "sha512-+EUsqGPLsM+j/zdChZjsnX51g4XrHFOIXwfnCVPGlQk/k5giakcKsuxCObBRu6DSm9opw/O6slWbJdghQM4bBg=="
    "resolved" "https://registry.npmjs.org/negotiator/-/negotiator-0.6.3.tgz"
    "version" "0.6.3"
  
  "nodemon@^2.0.20":
    "integrity" "sha512-Km2mWHKKY5GzRg6i1j5OxOHQtuvVsgskLfigG25yTtbyfRGn/GNvIbRyOf1PSCKJ2aT/58TiuUsuOU5UToVViw=="
    "resolved" "https://registry.npmjs.org/nodemon/-/nodemon-2.0.20.tgz"
    "version" "2.0.20"
    dependencies:
      "chokidar" "^3.5.2"
      "debug" "^3.2.7"
      "ignore-by-default" "^1.0.1"
      "minimatch" "^3.1.2"
      "pstree.remy" "^1.1.8"
      "semver" "^5.7.1"
      "simple-update-notifier" "^1.0.7"
      "supports-color" "^5.5.0"
      "touch" "^3.1.0"
      "undefsafe" "^2.0.5"
  
  "nopt@~1.0.10":
    "integrity" "sha512-NWmpvLSqUrgrAC9HCuxEvb+PSloHpqVu+FqcO4eeF2h5qYRhA7ev6KvelyQAKtegUbC6RypJnlEOhd8vloNKYg=="
    "resolved" "https://registry.npmjs.org/nopt/-/nopt-1.0.10.tgz"
    "version" "1.0.10"
    dependencies:
      "abbrev" "1"
  
  "normalize-path@^3.0.0", "normalize-path@~3.0.0":
    "integrity" "sha512-6eZs5Ls3WtCisHWp9S2GUy8dqkpGi4BVSz3GaqiE6ezub0512ESztXUwUB6C6IKbQkY2Pnb/mD4WYojCRwcwLA=="
    "resolved" "https://registry.npmjs.org/normalize-path/-/normalize-path-3.0.0.tgz"
    "version" "3.0.0"
  
  "nosleep.js@^0.12.0":
    "integrity" "sha512-9d1HbpKLh3sdWlhXMhU6MMH+wQzKkrgfRkYV0EBdvt99YJfj0ilCJrWRDYG2130Tm4GXbEoTCx5b34JSaP+HhA=="
    "resolved" "https://registry.npmjs.org/nosleep.js/-/nosleep.js-0.12.0.tgz"
    "version" "0.12.0"
  
  "obj2gltf@^3.1.4":
    "integrity" "sha512-IR8n7pNHjYLmd5tPRKpfm9ZuGFWR8QgTkhvj94UiNUP+aHNVbMsAV1txTHZ4yv2eC11S9EDchSWpOmPvjwA6+Q=="
    "resolved" "https://registry.npmjs.org/obj2gltf/-/obj2gltf-3.1.4.tgz"
    "version" "3.1.4"
    dependencies:
      "bluebird" "^3.7.2"
      "cesium" "^1.86.1"
      "fs-extra" "^10.0.0"
      "jpeg-js" "^0.4.3"
      "mime" "^2.5.2"
      "pngjs" "^6.0.0"
      "yargs" "^17.2.1"
  
  "object-hash@^2.2.0":
    "integrity" "sha512-gScRMn0bS5fH+IuwyIFgnh9zBdo4DV+6GhygmWM9HyNJSgS0hScp1f5vjtm7oIIOiT9trXrShAkLFSc2IqKNgw=="
    "resolved" "https://registry.npmjs.org/object-hash/-/object-hash-2.2.0.tgz"
    "version" "2.2.0"
  
  "object-inspect@^1.9.0":
    "integrity" "sha512-z+cPxW0QGUp0mcqcsgQyLVRDoXFQbXOwBaqyF7VIgI4TWNQsDHrBpUQslRmIfAoYWdYzs6UlKJtB2XJpTaNSpQ=="
    "resolved" "https://registry.npmjs.org/object-inspect/-/object-inspect-1.12.2.tgz"
    "version" "1.12.2"
  
  "on-finished@2.4.1":
    "integrity" "sha512-oVlzkg3ENAhCk2zdv7IJwd/QUD4z2RxRwpkcGY8psCVcCYZNq4wYnVWALHM+brtuJjePWiYF/ClmuDr8Ch5+kg=="
    "resolved" "https://registry.npmjs.org/on-finished/-/on-finished-2.4.1.tgz"
    "version" "2.4.1"
    dependencies:
      "ee-first" "1.1.1"
  
  "pako@^2.0.4":
    "integrity" "sha512-w+eufiZ1WuJYgPXbV/PO3NCMEc3xqylkKHzp8bxp1uW4qaSNQUkwmLLEc3kKsfz8lpV1F8Ht3U1Cm+9Srog2ug=="
    "resolved" "https://registry.npmjs.org/pako/-/pako-2.1.0.tgz"
    "version" "2.1.0"
  
  "parseurl@~1.3.3":
    "integrity" "sha512-CiyeOxFT/JZyN5m0z9PfXw4SCBJ6Sygz1Dpl0wqjlhDEGGBP1GnsUVEL0p63hoG1fcj3fHynXi9NYO4nWOL+qQ=="
    "resolved" "https://registry.npmjs.org/parseurl/-/parseurl-1.3.3.tgz"
    "version" "1.3.3"
  
  "path-to-regexp@0.1.7":
    "integrity" "sha512-5DFkuoqlv1uYQKxy8omFBeJPQcdoE07Kv2sferDCrAq1ohOU+MSDswDIbnx3YAM60qIOnYa53wBhXW0EbMonrQ=="
    "resolved" "https://registry.npmjs.org/path-to-regexp/-/path-to-regexp-0.1.7.tgz"
    "version" "0.1.7"
  
  "picomatch@^2.0.4", "picomatch@^2.2.1":
    "integrity" "sha512-JU3teHTNjmE2VCGFzuY8EXzCDVwEqB2a8fsIvwaStHhAWJEeVd1o1QD80CU6+ZdEXXSLbSsuLwJjkCBWqRQUVA=="
    "resolved" "https://registry.npmjs.org/picomatch/-/picomatch-2.3.1.tgz"
    "version" "2.3.1"
  
  "pngjs@^6.0.0":
    "integrity" "sha512-TRzzuFRRmEoSW/p1KVAmiOgPco2Irlah+bGFCeNfJXxxYGwSw7YwAOAcd7X28K/m5bjBWKsC29KyoMfHbypayg=="
    "resolved" "https://registry.npmjs.org/pngjs/-/pngjs-6.0.0.tgz"
    "version" "6.0.0"
  
  "protobufjs@^7.1.0":
    "integrity" "sha512-4ZPTPkXCdel3+L81yw3dG6+Kq3umdWKh7Dc7GW/CpNk4SX3hK58iPCWeCyhVTDrbkNeKrYNZ7EojM5WDaEWTLQ=="
    "resolved" "https://registry.npmjs.org/protobufjs/-/protobufjs-7.1.2.tgz"
    "version" "7.1.2"
    dependencies:
      "@protobufjs/aspromise" "^1.1.2"
      "@protobufjs/base64" "^1.1.2"
      "@protobufjs/codegen" "^2.0.4"
      "@protobufjs/eventemitter" "^1.1.0"
      "@protobufjs/fetch" "^1.1.0"
      "@protobufjs/float" "^1.0.2"
      "@protobufjs/inquire" "^1.1.0"
      "@protobufjs/path" "^1.1.2"
      "@protobufjs/pool" "^1.1.0"
      "@protobufjs/utf8" "^1.1.0"
      "@types/node" ">=13.7.0"
      "long" "^5.0.0"
  
  "proxy-addr@~2.0.7":
    "integrity" "sha512-llQsMLSUDUPT44jdrU/O37qlnifitDP+ZwrmmZcoSKyLKvtZxpyV0n2/bD/N4tBAAZ/gJEdZU7KMraoK1+XYAg=="
    "resolved" "https://registry.npmjs.org/proxy-addr/-/proxy-addr-2.0.7.tgz"
    "version" "2.0.7"
    dependencies:
      "forwarded" "0.2.0"
      "ipaddr.js" "1.9.1"
  
  "pstree.remy@^1.1.8":
    "integrity" "sha512-77DZwxQmxKnu3aR542U+X8FypNzbfJ+C5XQDk3uWjWxn6151aIMGthWYRXTqT1E5oJvg+ljaa2OJi+VfvCOQ8w=="
    "resolved" "https://registry.npmjs.org/pstree.remy/-/pstree.remy-1.1.8.tgz"
    "version" "1.1.8"
  
  "qs@6.11.0":
    "integrity" "sha512-MvjoMCJwEarSbUYk5O+nmoSzSutSsTwF85zcHPQ9OrlFoZOYIjaqBAJIqIXjptyD5vThxGq52Xu/MaJzRkIk4Q=="
    "resolved" "https://registry.npmjs.org/qs/-/qs-6.11.0.tgz"
    "version" "6.11.0"
    dependencies:
      "side-channel" "^1.0.4"
  
  "quickselect@^2.0.0":
    "integrity" "sha512-RKJ22hX8mHe3Y6wH/N3wCM6BWtjaxIyyUIkpHOvfFnxdI4yD4tBXEBKSbriGujF6jnSVkJrffuo6vxACiSSxIw=="
    "resolved" "https://registry.npmjs.org/quickselect/-/quickselect-2.0.0.tgz"
    "version" "2.0.0"
  
  "range-parser@~1.2.1":
    "integrity" "sha512-Hrgsx+orqoygnmhFbKaHE6c296J+HTAQXoxEF6gNupROmmGJRoyzfG3ccAveqCBrwr/2yxQ5BVd/GTl5agOwSg=="
    "resolved" "https://registry.npmjs.org/range-parser/-/range-parser-1.2.1.tgz"
    "version" "1.2.1"
  
  "raw-body@2.5.1":
    "integrity" "sha512-qqJBtEyVgS0ZmPGdCFPWJ3FreoqvG4MVQln/kCgF7Olq95IbOp0/BWyMwbdtn4VTvkM8Y7khCQ2Xgk/tcrCXig=="
    "resolved" "https://registry.npmjs.org/raw-body/-/raw-body-2.5.1.tgz"
    "version" "2.5.1"
    dependencies:
      "bytes" "3.1.2"
      "http-errors" "2.0.0"
      "iconv-lite" "0.4.24"
      "unpipe" "1.0.0"
  
  "rbush@^3.0.1":
    "integrity" "sha512-XRaVO0YecOpEuIvbhbpTrZgoiI6xBlz6hnlr6EHhd+0x9ase6EmeN+hdwwUaJvLcsFFQ8iWVF1GAK1yB0BWi0w=="
    "resolved" "https://registry.npmjs.org/rbush/-/rbush-3.0.1.tgz"
    "version" "3.0.1"
    dependencies:
      "quickselect" "^2.0.0"
  
  "readdirp@~3.6.0":
    "integrity" "sha512-hOS089on8RduqdbhvQ5Z37A0ESjsqz6qnRcffsMU3495FuTdqSm+7bhJ29JvIOsBDEEnan5DPu9t3To9VRlMzA=="
    "resolved" "https://registry.npmjs.org/readdirp/-/readdirp-3.6.0.tgz"
    "version" "3.6.0"
    dependencies:
      "picomatch" "^2.2.1"
  
  "require-directory@^2.1.1":
    "integrity" "sha512-fGxEI7+wsG9xrvdjsrlmL22OMTTiHRwAMroiEeMgq8gzoLC/PQr7RsRDSTLUg/bZAZtF+TVIkHc6/4RIKrui+Q=="
    "resolved" "https://registry.npmjs.org/require-directory/-/require-directory-2.1.1.tgz"
    "version" "2.1.1"
  
  "safe-buffer@5.2.1":
    "integrity" "sha512-rp3So07KcdmmKbGvgaNxQSJr7bGVSVk5S9Eq1F+ppbRo70+YeaDxkw5Dd8NPN+GD6bjnYm2VuPuCXmpuYvmCXQ=="
    "resolved" "https://registry.npmjs.org/safe-buffer/-/safe-buffer-5.2.1.tgz"
    "version" "5.2.1"
  
  "safer-buffer@>= 2.1.2 < 3":
    "integrity" "sha512-YZo3K82SD7Riyi0E1EQPojLz7kpepnSQI9IyPbHHg1XXXevb5dJI7tpyN2ADxGcQbHG7vcyRHk0cbwqcQriUtg=="
    "resolved" "https://registry.npmjs.org/safer-buffer/-/safer-buffer-2.1.2.tgz"
    "version" "2.1.2"
  
  "semver@^5.7.1":
    "integrity" "sha512-sauaDf/PZdVgrLTNYHRtpXa1iRiKcaebiKQ1BJdpQlWH2lCvexQdX55snPFyK7QzpudqbCI0qXFfOasHdyNDGQ=="
    "resolved" "https://registry.npmjs.org/semver/-/semver-5.7.1.tgz"
    "version" "5.7.1"
  
  "semver@~7.0.0":
    "integrity" "sha512-+GB6zVA9LWh6zovYQLALHwv5rb2PHGlJi3lfiqIHxR0uuwCgefcOJc59v9fv1w8GbStwxuuqqAjI9NMAOOgq1A=="
    "resolved" "https://registry.npmjs.org/semver/-/semver-7.0.0.tgz"
    "version" "7.0.0"
  
  "send@0.18.0":
    "integrity" "sha512-qqWzuOjSFOuqPjFe4NOsMLafToQQwBSOEpS+FwEt3A2V3vKubTquT3vmLTQpFgMXp8AlFWFuP1qKaJZOtPpVXg=="
    "resolved" "https://registry.npmjs.org/send/-/send-0.18.0.tgz"
    "version" "0.18.0"
    dependencies:
      "debug" "2.6.9"
      "depd" "2.0.0"
      "destroy" "1.2.0"
      "encodeurl" "~1.0.2"
      "escape-html" "~1.0.3"
      "etag" "~1.8.1"
      "fresh" "0.5.2"
      "http-errors" "2.0.0"
      "mime" "1.6.0"
      "ms" "2.1.3"
      "on-finished" "2.4.1"
      "range-parser" "~1.2.1"
      "statuses" "2.0.1"
  
  "serve-static@1.15.0":
    "integrity" "sha512-XGuRDNjXUijsUL0vl6nSD7cwURuzEgglbOaFuZM9g3kwDXOWVTck0jLzjPzGD+TazWbboZYu52/9/XPdUgne9g=="
    "resolved" "https://registry.npmjs.org/serve-static/-/serve-static-1.15.0.tgz"
    "version" "1.15.0"
    dependencies:
      "encodeurl" "~1.0.2"
      "escape-html" "~1.0.3"
      "parseurl" "~1.3.3"
      "send" "0.18.0"
  
  "setprototypeof@1.2.0":
    "integrity" "sha512-E5LDX7Wrp85Kil5bhZv46j8jOeboKq5JMmYM3gVGdGH8xFpPWXUMsNrlODCrkoxMEeNi/XZIwuRvY4XNwYMJpw=="
    "resolved" "https://registry.npmjs.org/setprototypeof/-/setprototypeof-1.2.0.tgz"
    "version" "1.2.0"
  
  "side-channel@^1.0.4":
    "integrity" "sha512-q5XPytqFEIKHkGdiMIrY10mvLRvnQh42/+GoBlFW3b2LXLE2xxJpZFdm94we0BaoV3RwJyGqg5wS7epxTv0Zvw=="
    "resolved" "https://registry.npmjs.org/side-channel/-/side-channel-1.0.4.tgz"
    "version" "1.0.4"
    dependencies:
      "call-bind" "^1.0.0"
      "get-intrinsic" "^1.0.2"
      "object-inspect" "^1.9.0"
  
  "simple-update-notifier@^1.0.7":
    "integrity" "sha512-VpsrsJSUcJEseSbMHkrsrAVSdvVS5I96Qo1QAQ4FxQ9wXFcB+pjj7FB7/us9+GcgfW4ziHtYMc1J0PLczb55mg=="
    "resolved" "https://registry.npmjs.org/simple-update-notifier/-/simple-update-notifier-1.1.0.tgz"
    "version" "1.1.0"
    dependencies:
      "semver" "~7.0.0"
  
  "statuses@2.0.1":
    "integrity" "sha512-RwNA9Z/7PrK06rYLIzFMlaF+l73iwpzsqRIFgbMLbTcLD6cOao82TaWefPXQvB2fOC4AjuYSEndS7N/mTCbkdQ=="
    "resolved" "https://registry.npmjs.org/statuses/-/statuses-2.0.1.tgz"
    "version" "2.0.1"
  
  "string-width@^4.1.0", "string-width@^4.2.0", "string-width@^4.2.3":
    "integrity" "sha512-wKyQRQpjJ0sIp62ErSZdGsjMJWsap5oRNihHhu6G7JVO/9jIB6UyevL+tXuOqrng8j/cxKTWyWUwvSTriiZz/g=="
    "resolved" "https://registry.npmjs.org/string-width/-/string-width-4.2.3.tgz"
    "version" "4.2.3"
    dependencies:
      "emoji-regex" "^8.0.0"
      "is-fullwidth-code-point" "^3.0.0"
      "strip-ansi" "^6.0.1"
  
  "strip-ansi@^6.0.0", "strip-ansi@^6.0.1":
    "integrity" "sha512-Y38VPSHcqkFrCpFnQ9vuSXmquuv5oXOKpGeT6aGrr3o3Gc9AlVa6JBfUSOCnbxGGZF+/0ooI7KrPuUSztUdU5A=="
    "resolved" "https://registry.npmjs.org/strip-ansi/-/strip-ansi-6.0.1.tgz"
    "version" "6.0.1"
    dependencies:
      "ansi-regex" "^5.0.1"
  
  "supports-color@^5.5.0":
    "integrity" "sha512-QjVjwdXIt408MIiAqCX4oUKsgU2EqAGzs2Ppkm4aQYbjm+ZEWEcW4SfFNTr4uMNZma0ey4f5lgLrkB0aX0QMow=="
    "resolved" "https://registry.npmjs.org/supports-color/-/supports-color-5.5.0.tgz"
    "version" "5.5.0"
    dependencies:
      "has-flag" "^3.0.0"
  
  "to-regex-range@^5.0.1":
    "integrity" "sha512-65P7iz6X5yEr1cwcgvQxbbIw7Uk3gOy5dIdtZ4rDveLqhrdJP+Li/Hx6tyK0NEb+2GCyneCMJiGqrADCSNk8sQ=="
    "resolved" "https://registry.npmjs.org/to-regex-range/-/to-regex-range-5.0.1.tgz"
    "version" "5.0.1"
    dependencies:
      "is-number" "^7.0.0"
  
  "toidentifier@1.0.1":
    "integrity" "sha512-o5sSPKEkg/DIQNmH43V0/uerLrpzVedkUh8tGNvaeXpfpuwjKenlSox/2O/BTlZUtEe+JG7s5YhEz608PlAHRA=="
    "resolved" "https://registry.npmjs.org/toidentifier/-/toidentifier-1.0.1.tgz"
    "version" "1.0.1"
  
  "topojson-client@^3.1.0":
    "integrity" "sha512-605uxS6bcYxGXw9qi62XyrV6Q3xwbndjachmNxu8HWTtVPxZfEJN9fd/SZS1Q54Sn2y0TMyMxFj/cJINqGHrKw=="
    "resolved" "https://registry.npmjs.org/topojson-client/-/topojson-client-3.1.0.tgz"
    "version" "3.1.0"
    dependencies:
      "commander" "2"
  
  "touch@^3.1.0":
    "integrity" "sha512-WBx8Uy5TLtOSRtIq+M03/sKDrXCLHxwDcquSP2c43Le03/9serjQBIztjRz6FkJez9D/hleyAXTBGLwwZUw9lA=="
    "resolved" "https://registry.npmjs.org/touch/-/touch-3.1.0.tgz"
    "version" "3.1.0"
    dependencies:
      "nopt" "~1.0.10"
  
  "tslib@^2.3.0":
    "integrity" "sha512-tGyy4dAjRIEwI7BzsB0lynWgOpfqjUdq91XXAlIWD2OwKBH7oCl/GZG/HT4BOHrTlPMOASlMQ7veyTqpmRcrNA=="
    "resolved" "https://registry.npmjs.org/tslib/-/tslib-2.4.1.tgz"
    "version" "2.4.1"
  
  "type-is@~1.6.18":
    "integrity" "sha512-TkRKr9sUTxEH8MdfuCSP7VizJyzRNMjj2J2do2Jr3Kym598JVdEksuzPQCnlFPW4ky9Q+iA+ma9BGm06XQBy8g=="
    "resolved" "https://registry.npmjs.org/type-is/-/type-is-1.6.18.tgz"
    "version" "1.6.18"
    dependencies:
      "media-typer" "0.3.0"
      "mime-types" "~2.1.24"
  
  "undefsafe@^2.0.5":
    "integrity" "sha512-WxONCrssBM8TSPRqN5EmsjVrsv4A8X12J4ArBiiayv3DyyG3ZlIg6yysuuSYdZsVz3TKcTg2fd//Ujd4CHV1iA=="
    "resolved" "https://registry.npmjs.org/undefsafe/-/undefsafe-2.0.5.tgz"
    "version" "2.0.5"
  
  "universalify@^2.0.0":
    "integrity" "sha512-hAZsKq7Yy11Zu1DE0OzWjw7nnLZmJZYTDZZyEFHZdUhV8FkH5MCfoU1XMaxXovpyW5nq5scPqq0ZDP9Zyl04oQ=="
    "resolved" "https://registry.npmjs.org/universalify/-/universalify-2.0.0.tgz"
    "version" "2.0.0"
  
  "unpipe@~1.0.0", "unpipe@1.0.0":
    "integrity" "sha512-pjy2bYhSsufwWlKwPc+l3cN7+wuJlK6uz0YdJEOlQDbl6jo/YlPi4mb8agUkVC8BF7V8NuzeyPNqRksA3hztKQ=="
    "resolved" "https://registry.npmjs.org/unpipe/-/unpipe-1.0.0.tgz"
    "version" "1.0.0"
  
  "urijs@^1.19.7":
    "integrity" "sha512-HXgFDgDommxn5/bIv0cnQZsPhHDA90NPHD6+c/v21U5+Sx5hoP8+dP9IZXBU1gIfvdRfhG8cel9QNPeionfcCQ=="
    "resolved" "https://registry.npmjs.org/urijs/-/urijs-1.19.11.tgz"
    "version" "1.19.11"
  
  "utils-merge@1.0.1":
    "integrity" "sha512-pMZTvIkT1d+TFGvDOqodOclx0QWkkgi6Tdoa8gC8ffGAAqz9pzPTZWAybbsHHoED/ztMtkv/VoYTYyShUn81hA=="
    "resolved" "https://registry.npmjs.org/utils-merge/-/utils-merge-1.0.1.tgz"
    "version" "1.0.1"
  
  "vary@~1.1.2":
    "integrity" "sha512-BNGbWLfd0eUPabhkXUVm0j8uuvREyTh5ovRa/dyow/BqAbZJyC+5fU+IzQOzmAKzYqYRAISoRhdQr3eIZ/PXqg=="
    "resolved" "https://registry.npmjs.org/vary/-/vary-1.1.2.tgz"
    "version" "1.1.2"
  
  "wrap-ansi@^7.0.0":
    "integrity" "sha512-YVGIj2kamLSTxw6NsZjoBxfSwsn0ycdesmc4p+Q21c5zPuZ1pl+NfxVdxPtdHvmNVOQ6XSYG4AUtyt/Fi7D16Q=="
    "resolved" "https://registry.npmjs.org/wrap-ansi/-/wrap-ansi-7.0.0.tgz"
    "version" "7.0.0"
    dependencies:
      "ansi-styles" "^4.0.0"
      "string-width" "^4.1.0"
      "strip-ansi" "^6.0.0"
  
  "y18n@^5.0.5":
    "integrity" "sha512-0pfFzegeDWJHJIAmTLRP2DwHjdF5s7jo9tuztdQxAhINCdvS+3nGINqPd00AphqJR/0LhANUS6/+7SCb98YOfA=="
    "resolved" "https://registry.npmjs.org/y18n/-/y18n-5.0.8.tgz"
    "version" "5.0.8"
  
  "yargs-parser@^21.1.1":
    "integrity" "sha512-tVpsJW7DdjecAiFpbIB1e3qxIQsE6NoPc5/eTdrbbIC4h0LVsWhnoa3g+m2HclBIujHzsxZ4VJVA+GUuc2/LBw=="
    "resolved" "https://registry.npmjs.org/yargs-parser/-/yargs-parser-21.1.1.tgz"
    "version" "21.1.1"
  
  "yargs@^17.2.1":
    "integrity" "sha512-1/9UrdHjDZc0eOU0HxOHoS78C69UD3JRMvzlJ7S79S2nTaWRA/whGCTV8o9e/N/1Va9YIV7Q4sOxD8VV4pCWOw=="
    "resolved" "https://registry.npmjs.org/yargs/-/yargs-17.6.2.tgz"
    "version" "17.6.2"
    dependencies:
      "cliui" "^8.0.1"
      "escalade" "^3.1.1"
      "get-caller-file" "^2.0.5"
      "require-directory" "^2.1.1"
      "string-width" "^4.2.3"
      "y18n" "^5.0.5"
      "yargs-parser" "^21.1.1"
